<?xml version="1.0" encoding="UTF-8"?>
<!-- Generated by org.testng.reporters.JUnitReportReporter -->
<testsuite hostname="TunaQA" failures="0" tests="2" name="com.Testpack.BaseTest" time="22.498" errors="1" timestamp="2024-03-27T14:39:05 IST" skipped="1">
  <testcase classname="com.Testpack.BaseTest" name="StartServer" time="22.498">
    <error message="The local appium server has not been started
Reason: Timed out waiting for [http://127.0.0.1:8521/status] to be available after 20010 ms
Consider increasing the server startup timeout value (currently 20000ms)
Node.js executable path: C:\Program Files\nodejs\node.exe
Arguments: [C:\Users\Uthay\AppData\Roaming\npm\node_modules\appium\build\lib\main.js, --port, 8521, --address, 127.0.0.1, --session-override]
Output: [35m[Appium][39m Welcome to Appium v2.5.1
[35m[Appium][39m Non-default server args:
[35m[Appium][39m { address: [32m&#039;127.0.0.1&#039;[39m, port: [33m8521[39m, sessionOverride: [33mtrue[39m }
[35m[Appium][39m The autodetected Appium home path: C:\Users\Uthay\.appium
[35m[Appium][39m Attempting to load driver uiautomator2...
[35m[Appium][39m Requiring driver at C:\Users\Uthay\.appium\node_modules\appium-uiautomator2-driver\build\index.js
[35m[Appium][39m AndroidUiautomator2Driver has been successfully loaded in 1.301s
[38;5;0m[HTTP][0m Could not start REST http interface listener. The requested port may already be in use. Please make sure there is no other instance of this server running already.
[35m[Appium][39m Could not configure Appium server. It&#039;s possible that a driver or plugin tried to update the server and failed. Original error: listen EADDRINUSE: address already in use 127.0.0.1:8521
[35m[Appium][39m Error: listen EADDRINUSE: address already in use 127.0.0.1:8521
[35m[Appium][39m     at Server.setupListenHandle [as _listen2] (node:net:1872:16)
[35m[Appium][39m     at listenInCluster (node:net:1920:12)
[35m[Appium][39m     at doListen (node:net:2075:7)
[35m[Appium][39m     at processTicksAndRejections (node:internal/process/task_queues:83:21)
" type="io.appium.java_client.service.local.AppiumServerHasNotBeenStartedLocallyException">
      <![CDATA[io.appium.java_client.service.local.AppiumServerHasNotBeenStartedLocallyException: The local appium server has not been started
Reason: Timed out waiting for [http://127.0.0.1:8521/status] to be available after 20010 ms
Consider increasing the server startup timeout value (currently 20000ms)
Node.js executable path: C:\Program Files\nodejs\node.exe
Arguments: [C:\Users\Uthay\AppData\Roaming\npm\node_modules\appium\build\lib\main.js, --port, 8521, --address, 127.0.0.1, --session-override]
Output: [35m[Appium][39m Welcome to Appium v2.5.1
[35m[Appium][39m Non-default server args:
[35m[Appium][39m { address: [32m'127.0.0.1'[39m, port: [33m8521[39m, sessionOverride: [33mtrue[39m }
[35m[Appium][39m The autodetected Appium home path: C:\Users\Uthay\.appium
[35m[Appium][39m Attempting to load driver uiautomator2...
[35m[Appium][39m Requiring driver at C:\Users\Uthay\.appium\node_modules\appium-uiautomator2-driver\build\index.js
[35m[Appium][39m AndroidUiautomator2Driver has been successfully loaded in 1.301s
[38;5;0m[HTTP][0m Could not start REST http interface listener. The requested port may already be in use. Please make sure there is no other instance of this server running already.
[35m[Appium][39m Could not configure Appium server. It's possible that a driver or plugin tried to update the server and failed. Original error: listen EADDRINUSE: address already in use 127.0.0.1:8521
[35m[Appium][39m Error: listen EADDRINUSE: address already in use 127.0.0.1:8521
[35m[Appium][39m     at Server.setupListenHandle [as _listen2] (node:net:1872:16)
[35m[Appium][39m     at listenInCluster (node:net:1920:12)
[35m[Appium][39m     at doListen (node:net:2075:7)
[35m[Appium][39m     at processTicksAndRejections (node:internal/process/task_queues:83:21)

at io.appium.java_client.service.local.AppiumDriverLocalService.start(AppiumDriverLocalService.java:201)
at com.Testpack.BaseTest.StartServer(BaseTest.java:87)
at java.base/jdk.internal.reflect.DirectMethodHandleAccessor.invoke(DirectMethodHandleAccessor.java:103)
at java.base/java.lang.reflect.Method.invoke(Method.java:580)
at org.testng.internal.invokers.MethodInvocationHelper.invokeMethod(MethodInvocationHelper.java:139)
at org.testng.internal.invokers.MethodInvocationHelper.invokeMethodConsideringTimeout(MethodInvocationHelper.java:69)
at org.testng.internal.invokers.ConfigInvoker.invokeConfigurationMethod(ConfigInvoker.java:393)
at org.testng.internal.invokers.ConfigInvoker.invokeConfigurations(ConfigInvoker.java:326)
at org.testng.internal.invokers.TestMethodWorker.invokeBeforeClassMethods(TestMethodWorker.java:180)
at org.testng.internal.invokers.TestMethodWorker.run(TestMethodWorker.java:122)
at java.base/java.util.ArrayList.forEach(ArrayList.java:1596)
at org.testng.TestRunner.privateRun(TestRunner.java:819)
at org.testng.TestRunner.run(TestRunner.java:619)
at org.testng.SuiteRunner.runTest(SuiteRunner.java:443)
at org.testng.SuiteRunner.runSequentially(SuiteRunner.java:437)
at org.testng.SuiteRunner.privateRun(SuiteRunner.java:397)
at org.testng.SuiteRunner.run(SuiteRunner.java:336)
at org.testng.SuiteRunnerWorker.runSuite(SuiteRunnerWorker.java:52)
at org.testng.SuiteRunnerWorker.run(SuiteRunnerWorker.java:95)
at org.testng.TestNG.runSuitesSequentially(TestNG.java:1301)
at org.testng.TestNG.runSuitesLocally(TestNG.java:1228)
at org.testng.TestNG.runSuites(TestNG.java:1134)
at org.testng.TestNG.run(TestNG.java:1101)
at org.testng.remote.AbstractRemoteTestNG.run(AbstractRemoteTestNG.java:115)
at org.testng.remote.RemoteTestNG.initAndRun(RemoteTestNG.java:251)
at org.testng.remote.RemoteTestNG.main(RemoteTestNG.java:77)
Caused by: org.openqa.selenium.net.UrlChecker$TimeoutException: Timed out waiting for [http://127.0.0.1:8521/status] to be available after 20010 ms
at org.openqa.selenium.net.UrlChecker.waitUntilAvailable(UrlChecker.java:94)
at io.appium.java_client.service.local.AppiumDriverLocalService.ping(AppiumDriverLocalService.java:157)
at io.appium.java_client.service.local.AppiumDriverLocalService.start(AppiumDriverLocalService.java:180)
... 25 more
Caused by: java.util.concurrent.TimeoutException
at java.base/java.util.concurrent.FutureTask.get(FutureTask.java:204)
at org.openqa.selenium.net.UrlChecker.waitUntilAvailable(UrlChecker.java:91)
... 27 more
]]>
    </error>
  </testcase> <!-- StartServer -->
  <testcase classname="com.Testpack.BaseTest" name="clickAction" time="0.000">
    <skipped/>
  </testcase> <!-- clickAction -->
</testsuite> <!-- com.Testpack.BaseTest -->
