<?xml version="1.0" encoding="UTF-8"?>
<!-- Generated by org.testng.reporters.JUnitReportReporter -->
<testsuite hostname="TunaQA" failures="0" tests="1" name="com.utill.InitializeDriver" time="15.636" errors="0" timestamp="2024-03-27T17:27:48 IST" skipped="0">
  <testcase classname="com.utill.InitializeDriver" name="getDriver" time="15.636"/>
</testsuite> <!-- com.utill.InitializeDriver -->
