<?xml version="1.0" encoding="UTF-8"?>
<!-- Generated by org.testng.reporters.JUnitReportReporter -->
<testsuite hostname="TunaQA" failures="0" tests="2" name="com.Testpack.SampleTest1" time="0.015" errors="1" timestamp="2024-03-27T18:04:01 IST" skipped="1">
  <testcase classname="com.Testpack.SampleTest1" name="Dining" time="0.000">
    <skipped/>
  </testcase> <!-- Dining -->
  <testcase classname="com.Testpack.SampleTest1" name="InitializeDriver" time="0.015">
    <error type="java.lang.StackOverflowError">
      <![CDATA[java.lang.StackOverflowError
at com.utill.InitializeDriver.<init>(InitializeDriver.java:18)
at com.utill.InitializeDriver.<init>(InitializeDriver.java:18)
at com.utill.InitializeDriver.<init>(InitializeDriver.java:18)
at com.utill.InitializeDriver.<init>(InitializeDriver.java:18)
at com.utill.InitializeDriver.<init>(InitializeDriver.java:18)
at com.utill.InitializeDriver.<init>(InitializeDriver.java:18)
at com.utill.InitializeDriver.<init>(InitializeDriver.java:18)
at com.utill.InitializeDriver.<init>(InitializeDriver.java:18)
at com.utill.InitializeDriver.<init>(InitializeDriver.java:18)
at com.utill.InitializeDriver.<init>(InitializeDriver.java:18)
at com.utill.InitializeDriver.<init>(InitializeDriver.java:18)
at com.utill.InitializeDriver.<init>(InitializeDriver.java:18)
at com.utill.InitializeDriver.<init>(InitializeDriver.java:18)
at com.utill.InitializeDriver.<init>(InitializeDriver.java:18)
at com.utill.InitializeDriver.<init>(InitializeDriver.java:18)
at com.utill.InitializeDriver.<init>(InitializeDriver.java:18)
at com.utill.InitializeDriver.<init>(InitializeDriver.java:18)
at com.utill.InitializeDriver.<init>(InitializeDriver.java:18)
at com.utill.InitializeDriver.<init>(InitializeDriver.java:18)
at com.utill.InitializeDriver.<init>(InitializeDriver.java:18)
at com.utill.InitializeDriver.<init>(InitializeDriver.java:18)
at com.utill.InitializeDriver.<init>(InitializeDriver.java:18)
at com.utill.InitializeDriver.<init>(InitializeDriver.java:18)
at com.utill.InitializeDriver.<init>(InitializeDriver.java:18)
at com.utill.InitializeDriver.<init>(InitializeDriver.java:18)
at com.utill.InitializeDriver.<init>(InitializeDriver.java:18)
at com.utill.InitializeDriver.<init>(InitializeDriver.java:18)
at com.utill.InitializeDriver.<init>(InitializeDriver.java:18)
at com.utill.InitializeDriver.<init>(InitializeDriver.java:18)
at com.utill.InitializeDriver.<init>(InitializeDriver.java:18)
at com.utill.InitializeDriver.<init>(InitializeDriver.java:18)
at com.utill.InitializeDriver.<init>(InitializeDriver.java:18)
at com.utill.InitializeDriver.<init>(InitializeDriver.java:18)
at com.utill.InitializeDriver.<init>(InitializeDriver.java:18)
at com.utill.InitializeDriver.<init>(InitializeDriver.java:18)
at com.utill.InitializeDriver.<init>(InitializeDriver.java:18)
at com.utill.InitializeDriver.<init>(InitializeDriver.java:18)
at com.utill.InitializeDriver.<init>(InitializeDriver.java:18)
at com.utill.InitializeDriver.<init>(InitializeDriver.java:18)
at com.utill.InitializeDriver.<init>(InitializeDriver.java:18)
at com.utill.InitializeDriver.<init>(InitializeDriver.java:18)
at com.utill.InitializeDriver.<init>(InitializeDriver.java:18)
at com.utill.InitializeDriver.<init>(InitializeDriver.java:18)
at com.utill.InitializeDriver.<init>(InitializeDriver.java:18)
at com.utill.InitializeDriver.<init>(InitializeDriver.java:18)
at com.utill.InitializeDriver.<init>(InitializeDriver.java:18)
at com.utill.InitializeDriver.<init>(InitializeDriver.java:18)
at com.utill.InitializeDriver.<init>(InitializeDriver.java:18)
at com.utill.InitializeDriver.<init>(InitializeDriver.java:18)
at com.utill.InitializeDriver.<init>(InitializeDriver.java:18)
at com.utill.InitializeDriver.<init>(InitializeDriver.java:18)
at com.utill.InitializeDriver.<init>(InitializeDriver.java:18)
at com.utill.InitializeDriver.<init>(InitializeDriver.java:18)
at com.utill.InitializeDriver.<init>(InitializeDriver.java:18)
at com.utill.InitializeDriver.<init>(InitializeDriver.java:18)
at com.utill.InitializeDriver.<init>(InitializeDriver.java:18)
at com.utill.InitializeDriver.<init>(InitializeDriver.java:18)
at com.utill.InitializeDriver.<init>(InitializeDriver.java:18)
at com.utill.InitializeDriver.<init>(InitializeDriver.java:18)
at com.utill.InitializeDriver.<init>(InitializeDriver.java:18)
at com.utill.InitializeDriver.<init>(InitializeDriver.java:18)
at com.utill.InitializeDriver.<init>(InitializeDriver.java:18)
at com.utill.InitializeDriver.<init>(InitializeDriver.java:18)
at com.utill.InitializeDriver.<init>(InitializeDriver.java:18)
at com.utill.InitializeDriver.<init>(InitializeDriver.java:18)
at com.utill.InitializeDriver.<init>(InitializeDriver.java:18)
at com.utill.InitializeDriver.<init>(InitializeDriver.java:18)
at com.utill.InitializeDriver.<init>(InitializeDriver.java:18)
at com.utill.InitializeDriver.<init>(InitializeDriver.java:18)
at com.utill.InitializeDriver.<init>(InitializeDriver.java:18)
at com.utill.InitializeDriver.<init>(InitializeDriver.java:18)
at com.utill.InitializeDriver.<init>(InitializeDriver.java:18)
at com.utill.InitializeDriver.<init>(InitializeDriver.java:18)
at com.utill.InitializeDriver.<init>(InitializeDriver.java:18)
at com.utill.InitializeDriver.<init>(InitializeDriver.java:18)
at com.utill.InitializeDriver.<init>(InitializeDriver.java:18)
at com.utill.InitializeDriver.<init>(InitializeDriver.java:18)
at com.utill.InitializeDriver.<init>(InitializeDriver.java:18)
at com.utill.InitializeDriver.<init>(InitializeDriver.java:18)
at com.utill.InitializeDriver.<init>(InitializeDriver.java:18)
at com.utill.InitializeDriver.<init>(InitializeDriver.java:18)
at com.utill.InitializeDriver.<init>(InitializeDriver.java:18)
at com.utill.InitializeDriver.<init>(InitializeDriver.java:18)
at com.utill.InitializeDriver.<init>(InitializeDriver.java:18)
at com.utill.InitializeDriver.<init>(InitializeDriver.java:18)
at com.utill.InitializeDriver.<init>(InitializeDriver.java:18)
at com.utill.InitializeDriver.<init>(InitializeDriver.java:18)
at com.utill.InitializeDriver.<init>(InitializeDriver.java:18)
at com.utill.InitializeDriver.<init>(InitializeDriver.java:18)
at com.utill.InitializeDriver.<init>(InitializeDriver.java:18)
at com.utill.InitializeDriver.<init>(InitializeDriver.java:18)
at com.utill.InitializeDriver.<init>(InitializeDriver.java:18)
at com.utill.InitializeDriver.<init>(InitializeDriver.java:18)
at com.utill.InitializeDriver.<init>(InitializeDriver.java:18)
at com.utill.InitializeDriver.<init>(InitializeDriver.java:18)
at com.utill.InitializeDriver.<init>(InitializeDriver.java:18)
at com.utill.InitializeDriver.<init>(InitializeDriver.java:18)
at com.utill.InitializeDriver.<init>(InitializeDriver.java:18)
at com.utill.InitializeDriver.<init>(InitializeDriver.java:18)
at com.utill.InitializeDriver.<init>(InitializeDriver.java:18)
at com.utill.InitializeDriver.<init>(InitializeDriver.java:18)
at com.utill.InitializeDriver.<init>(InitializeDriver.java:18)
at com.utill.InitializeDriver.<init>(InitializeDriver.java:18)
at com.utill.InitializeDriver.<init>(InitializeDriver.java:18)
at com.utill.InitializeDriver.<init>(InitializeDriver.java:18)
at com.utill.InitializeDriver.<init>(InitializeDriver.java:18)
at com.utill.InitializeDriver.<init>(InitializeDriver.java:18)
at com.utill.InitializeDriver.<init>(InitializeDriver.java:18)
at com.utill.InitializeDriver.<init>(InitializeDriver.java:18)
at com.utill.InitializeDriver.<init>(InitializeDriver.java:18)
at com.utill.InitializeDriver.<init>(InitializeDriver.java:18)
at com.utill.InitializeDriver.<init>(InitializeDriver.java:18)
at com.utill.InitializeDriver.<init>(InitializeDriver.java:18)
at com.utill.InitializeDriver.<init>(InitializeDriver.java:18)
at com.utill.InitializeDriver.<init>(InitializeDriver.java:18)
at com.utill.InitializeDriver.<init>(InitializeDriver.java:18)
at com.utill.InitializeDriver.<init>(InitializeDriver.java:18)
at com.utill.InitializeDriver.<init>(InitializeDriver.java:18)
at com.utill.InitializeDriver.<init>(InitializeDriver.java:18)
at com.utill.InitializeDriver.<init>(InitializeDriver.java:18)
at com.utill.InitializeDriver.<init>(InitializeDriver.java:18)
at com.utill.InitializeDriver.<init>(InitializeDriver.java:18)
at com.utill.InitializeDriver.<init>(InitializeDriver.java:18)
at com.utill.InitializeDriver.<init>(InitializeDriver.java:18)
at com.utill.InitializeDriver.<init>(InitializeDriver.java:18)
at com.utill.InitializeDriver.<init>(InitializeDriver.java:18)
at com.utill.InitializeDriver.<init>(InitializeDriver.java:18)
at com.utill.InitializeDriver.<init>(InitializeDriver.java:18)
at com.utill.InitializeDriver.<init>(InitializeDriver.java:18)
at com.utill.InitializeDriver.<init>(InitializeDriver.java:18)
at com.utill.InitializeDriver.<init>(InitializeDriver.java:18)
at com.utill.InitializeDriver.<init>(InitializeDriver.java:18)
at com.utill.InitializeDriver.<init>(InitializeDriver.java:18)
at com.utill.InitializeDriver.<init>(InitializeDriver.java:18)
at com.utill.InitializeDriver.<init>(InitializeDriver.java:18)
at com.utill.InitializeDriver.<init>(InitializeDriver.java:18)
at com.utill.InitializeDriver.<init>(InitializeDriver.java:18)
at com.utill.InitializeDriver.<init>(InitializeDriver.java:18)
at com.utill.InitializeDriver.<init>(InitializeDriver.java:18)
at com.utill.InitializeDriver.<init>(InitializeDriver.java:18)
at com.utill.InitializeDriver.<init>(InitializeDriver.java:18)
at com.utill.InitializeDriver.<init>(InitializeDriver.java:18)
at com.utill.InitializeDriver.<init>(InitializeDriver.java:18)
at com.utill.InitializeDriver.<init>(InitializeDriver.java:18)
at com.utill.InitializeDriver.<init>(InitializeDriver.java:18)
at com.utill.InitializeDriver.<init>(InitializeDriver.java:18)
at com.utill.InitializeDriver.<init>(InitializeDriver.java:18)
at com.utill.InitializeDriver.<init>(InitializeDriver.java:18)
at com.utill.InitializeDriver.<init>(InitializeDriver.java:18)
at com.utill.InitializeDriver.<init>(InitializeDriver.java:18)
at com.utill.InitializeDriver.<init>(InitializeDriver.java:18)
at com.utill.InitializeDriver.<init>(InitializeDriver.java:18)
at com.utill.InitializeDriver.<init>(InitializeDriver.java:18)
at com.utill.InitializeDriver.<init>(InitializeDriver.java:18)
at com.utill.InitializeDriver.<init>(InitializeDriver.java:18)
at com.utill.InitializeDriver.<init>(InitializeDriver.java:18)
at com.utill.InitializeDriver.<init>(InitializeDriver.java:18)
at com.utill.InitializeDriver.<init>(InitializeDriver.java:18)
at com.utill.InitializeDriver.<init>(InitializeDriver.java:18)
at com.utill.InitializeDriver.<init>(InitializeDriver.java:18)
at com.utill.InitializeDriver.<init>(InitializeDriver.java:18)
at com.utill.InitializeDriver.<init>(InitializeDriver.java:18)
at com.utill.InitializeDriver.<init>(InitializeDriver.java:18)
at com.utill.InitializeDriver.<init>(InitializeDriver.java:18)
at com.utill.InitializeDriver.<init>(InitializeDriver.java:18)
at com.utill.InitializeDriver.<init>(InitializeDriver.java:18)
at com.utill.InitializeDriver.<init>(InitializeDriver.java:18)
at com.utill.InitializeDriver.<init>(InitializeDriver.java:18)
at com.utill.InitializeDriver.<init>(InitializeDriver.java:18)
at com.utill.InitializeDriver.<init>(InitializeDriver.java:18)
at com.utill.InitializeDriver.<init>(InitializeDriver.java:18)
at com.utill.InitializeDriver.<init>(InitializeDriver.java:18)
at com.utill.InitializeDriver.<init>(InitializeDriver.java:18)
at com.utill.InitializeDriver.<init>(InitializeDriver.java:18)
at com.utill.InitializeDriver.<init>(InitializeDriver.java:18)
at com.utill.InitializeDriver.<init>(InitializeDriver.java:18)
at com.utill.InitializeDriver.<init>(InitializeDriver.java:18)
at com.utill.InitializeDriver.<init>(InitializeDriver.java:18)
at com.utill.InitializeDriver.<init>(InitializeDriver.java:18)
at com.utill.InitializeDriver.<init>(InitializeDriver.java:18)
at com.utill.InitializeDriver.<init>(InitializeDriver.java:18)
at com.utill.InitializeDriver.<init>(InitializeDriver.java:18)
at com.utill.InitializeDriver.<init>(InitializeDriver.java:18)
at com.utill.InitializeDriver.<init>(InitializeDriver.java:18)
at com.utill.InitializeDriver.<init>(InitializeDriver.java:18)
at com.utill.InitializeDriver.<init>(InitializeDriver.java:18)
at com.utill.InitializeDriver.<init>(InitializeDriver.java:18)
at com.utill.InitializeDriver.<init>(InitializeDriver.java:18)
at com.utill.InitializeDriver.<init>(InitializeDriver.java:18)
at com.utill.InitializeDriver.<init>(InitializeDriver.java:18)
at com.utill.InitializeDriver.<init>(InitializeDriver.java:18)
at com.utill.InitializeDriver.<init>(InitializeDriver.java:18)
at com.utill.InitializeDriver.<init>(InitializeDriver.java:18)
at com.utill.InitializeDriver.<init>(InitializeDriver.java:18)
at com.utill.InitializeDriver.<init>(InitializeDriver.java:18)
at com.utill.InitializeDriver.<init>(InitializeDriver.java:18)
at com.utill.InitializeDriver.<init>(InitializeDriver.java:18)
at com.utill.InitializeDriver.<init>(InitializeDriver.java:18)
at com.utill.InitializeDriver.<init>(InitializeDriver.java:18)
at com.utill.InitializeDriver.<init>(InitializeDriver.java:18)
at com.utill.InitializeDriver.<init>(InitializeDriver.java:18)
at com.utill.InitializeDriver.<init>(InitializeDriver.java:18)
at com.utill.InitializeDriver.<init>(InitializeDriver.java:18)
at com.utill.InitializeDriver.<init>(InitializeDriver.java:18)
at com.utill.InitializeDriver.<init>(InitializeDriver.java:18)
at com.utill.InitializeDriver.<init>(InitializeDriver.java:18)
at com.utill.InitializeDriver.<init>(InitializeDriver.java:18)
at com.utill.InitializeDriver.<init>(InitializeDriver.java:18)
at com.utill.InitializeDriver.<init>(InitializeDriver.java:18)
at com.utill.InitializeDriver.<init>(InitializeDriver.java:18)
at com.utill.InitializeDriver.<init>(InitializeDriver.java:18)
at com.utill.InitializeDriver.<init>(InitializeDriver.java:18)
at com.utill.InitializeDriver.<init>(InitializeDriver.java:18)
at com.utill.InitializeDriver.<init>(InitializeDriver.java:18)
at com.utill.InitializeDriver.<init>(InitializeDriver.java:18)
at com.utill.InitializeDriver.<init>(InitializeDriver.java:18)
at com.utill.InitializeDriver.<init>(InitializeDriver.java:18)
at com.utill.InitializeDriver.<init>(InitializeDriver.java:18)
at com.utill.InitializeDriver.<init>(InitializeDriver.java:18)
at com.utill.InitializeDriver.<init>(InitializeDriver.java:18)
at com.utill.InitializeDriver.<init>(InitializeDriver.java:18)
at com.utill.InitializeDriver.<init>(InitializeDriver.java:18)
at com.utill.InitializeDriver.<init>(InitializeDriver.java:18)
at com.utill.InitializeDriver.<init>(InitializeDriver.java:18)
at com.utill.InitializeDriver.<init>(InitializeDriver.java:18)
at com.utill.InitializeDriver.<init>(InitializeDriver.java:18)
at com.utill.InitializeDriver.<init>(InitializeDriver.java:18)
at com.utill.InitializeDriver.<init>(InitializeDriver.java:18)
at com.utill.InitializeDriver.<init>(InitializeDriver.java:18)
at com.utill.InitializeDriver.<init>(InitializeDriver.java:18)
at com.utill.InitializeDriver.<init>(InitializeDriver.java:18)
at com.utill.InitializeDriver.<init>(InitializeDriver.java:18)
at com.utill.InitializeDriver.<init>(InitializeDriver.java:18)
at com.utill.InitializeDriver.<init>(InitializeDriver.java:18)
at com.utill.InitializeDriver.<init>(InitializeDriver.java:18)
at com.utill.InitializeDriver.<init>(InitializeDriver.java:18)
at com.utill.InitializeDriver.<init>(InitializeDriver.java:18)
at com.utill.InitializeDriver.<init>(InitializeDriver.java:18)
at com.utill.InitializeDriver.<init>(InitializeDriver.java:18)
at com.utill.InitializeDriver.<init>(InitializeDriver.java:18)
at com.utill.InitializeDriver.<init>(InitializeDriver.java:18)
at com.utill.InitializeDriver.<init>(InitializeDriver.java:18)
at com.utill.InitializeDriver.<init>(InitializeDriver.java:18)
at com.utill.InitializeDriver.<init>(InitializeDriver.java:18)
at com.utill.InitializeDriver.<init>(InitializeDriver.java:18)
at com.utill.InitializeDriver.<init>(InitializeDriver.java:18)
at com.utill.InitializeDriver.<init>(InitializeDriver.java:18)
at com.utill.InitializeDriver.<init>(InitializeDriver.java:18)
at com.utill.InitializeDriver.<init>(InitializeDriver.java:18)
at com.utill.InitializeDriver.<init>(InitializeDriver.java:18)
at com.utill.InitializeDriver.<init>(InitializeDriver.java:18)
at com.utill.InitializeDriver.<init>(InitializeDriver.java:18)
at com.utill.InitializeDriver.<init>(InitializeDriver.java:18)
at com.utill.InitializeDriver.<init>(InitializeDriver.java:18)
at com.utill.InitializeDriver.<init>(InitializeDriver.java:18)
at com.utill.InitializeDriver.<init>(InitializeDriver.java:18)
at com.utill.InitializeDriver.<init>(InitializeDriver.java:18)
at com.utill.InitializeDriver.<init>(InitializeDriver.java:18)
at com.utill.InitializeDriver.<init>(InitializeDriver.java:18)
at com.utill.InitializeDriver.<init>(InitializeDriver.java:18)
at com.utill.InitializeDriver.<init>(InitializeDriver.java:18)
at com.utill.InitializeDriver.<init>(InitializeDriver.java:18)
at com.utill.InitializeDriver.<init>(InitializeDriver.java:18)
at com.utill.InitializeDriver.<init>(InitializeDriver.java:18)
at com.utill.InitializeDriver.<init>(InitializeDriver.java:18)
at com.utill.InitializeDriver.<init>(InitializeDriver.java:18)
at com.utill.InitializeDriver.<init>(InitializeDriver.java:18)
at com.utill.InitializeDriver.<init>(InitializeDriver.java:18)
at com.utill.InitializeDriver.<init>(InitializeDriver.java:18)
at com.utill.InitializeDriver.<init>(InitializeDriver.java:18)
at com.utill.InitializeDriver.<init>(InitializeDriver.java:18)
at com.utill.InitializeDriver.<init>(InitializeDriver.java:18)
at com.utill.InitializeDriver.<init>(InitializeDriver.java:18)
at com.utill.InitializeDriver.<init>(InitializeDriver.java:18)
at com.utill.InitializeDriver.<init>(InitializeDriver.java:18)
at com.utill.InitializeDriver.<init>(InitializeDriver.java:18)
at com.utill.InitializeDriver.<init>(InitializeDriver.java:18)
at com.utill.InitializeDriver.<init>(InitializeDriver.java:18)
at com.utill.InitializeDriver.<init>(InitializeDriver.java:18)
at com.utill.InitializeDriver.<init>(InitializeDriver.java:18)
at com.utill.InitializeDriver.<init>(InitializeDriver.java:18)
at com.utill.InitializeDriver.<init>(InitializeDriver.java:18)
at com.utill.InitializeDriver.<init>(InitializeDriver.java:18)
at com.utill.InitializeDriver.<init>(InitializeDriver.java:18)
at com.utill.InitializeDriver.<init>(InitializeDriver.java:18)
at com.utill.InitializeDriver.<init>(InitializeDriver.java:18)
at com.utill.InitializeDriver.<init>(InitializeDriver.java:18)
at com.utill.InitializeDriver.<init>(InitializeDriver.java:18)
at com.utill.InitializeDriver.<init>(InitializeDriver.java:18)
at com.utill.InitializeDriver.<init>(InitializeDriver.java:18)
at com.utill.InitializeDriver.<init>(InitializeDriver.java:18)
at com.utill.InitializeDriver.<init>(InitializeDriver.java:18)
at com.utill.InitializeDriver.<init>(InitializeDriver.java:18)
at com.utill.InitializeDriver.<init>(InitializeDriver.java:18)
at com.utill.InitializeDriver.<init>(InitializeDriver.java:18)
at com.utill.InitializeDriver.<init>(InitializeDriver.java:18)
at com.utill.InitializeDriver.<init>(InitializeDriver.java:18)
at com.utill.InitializeDriver.<init>(InitializeDriver.java:18)
at com.utill.InitializeDriver.<init>(InitializeDriver.java:18)
at com.utill.InitializeDriver.<init>(InitializeDriver.java:18)
at com.utill.InitializeDriver.<init>(InitializeDriver.java:18)
at com.utill.InitializeDriver.<init>(InitializeDriver.java:18)
at com.utill.InitializeDriver.<init>(InitializeDriver.java:18)
at com.utill.InitializeDriver.<init>(InitializeDriver.java:18)
at com.utill.InitializeDriver.<init>(InitializeDriver.java:18)
at com.utill.InitializeDriver.<init>(InitializeDriver.java:18)
at com.utill.InitializeDriver.<init>(InitializeDriver.java:18)
at com.utill.InitializeDriver.<init>(InitializeDriver.java:18)
at com.utill.InitializeDriver.<init>(InitializeDriver.java:18)
at com.utill.InitializeDriver.<init>(InitializeDriver.java:18)
at com.utill.InitializeDriver.<init>(InitializeDriver.java:18)
at com.utill.InitializeDriver.<init>(InitializeDriver.java:18)
at com.utill.InitializeDriver.<init>(InitializeDriver.java:18)
at com.utill.InitializeDriver.<init>(InitializeDriver.java:18)
at com.utill.InitializeDriver.<init>(InitializeDriver.java:18)
at com.utill.InitializeDriver.<init>(InitializeDriver.java:18)
at com.utill.InitializeDriver.<init>(InitializeDriver.java:18)
at com.utill.InitializeDriver.<init>(InitializeDriver.java:18)
at com.utill.InitializeDriver.<init>(InitializeDriver.java:18)
at com.utill.InitializeDriver.<init>(InitializeDriver.java:18)
at com.utill.InitializeDriver.<init>(InitializeDriver.java:18)
at com.utill.InitializeDriver.<init>(InitializeDriver.java:18)
at com.utill.InitializeDriver.<init>(InitializeDriver.java:18)
at com.utill.InitializeDriver.<init>(InitializeDriver.java:18)
at com.utill.InitializeDriver.<init>(InitializeDriver.java:18)
at com.utill.InitializeDriver.<init>(InitializeDriver.java:18)
at com.utill.InitializeDriver.<init>(InitializeDriver.java:18)
at com.utill.InitializeDriver.<init>(InitializeDriver.java:18)
at com.utill.InitializeDriver.<init>(InitializeDriver.java:18)
at com.utill.InitializeDriver.<init>(InitializeDriver.java:18)
at com.utill.InitializeDriver.<init>(InitializeDriver.java:18)
at com.utill.InitializeDriver.<init>(InitializeDriver.java:18)
at com.utill.InitializeDriver.<init>(InitializeDriver.java:18)
at com.utill.InitializeDriver.<init>(InitializeDriver.java:18)
at com.utill.InitializeDriver.<init>(InitializeDriver.java:18)
at com.utill.InitializeDriver.<init>(InitializeDriver.java:18)
at com.utill.InitializeDriver.<init>(InitializeDriver.java:18)
at com.utill.InitializeDriver.<init>(InitializeDriver.java:18)
at com.utill.InitializeDriver.<init>(InitializeDriver.java:18)
at com.utill.InitializeDriver.<init>(InitializeDriver.java:18)
at com.utill.InitializeDriver.<init>(InitializeDriver.java:18)
at com.utill.InitializeDriver.<init>(InitializeDriver.java:18)
at com.utill.InitializeDriver.<init>(InitializeDriver.java:18)
at com.utill.InitializeDriver.<init>(InitializeDriver.java:18)
at com.utill.InitializeDriver.<init>(InitializeDriver.java:18)
at com.utill.InitializeDriver.<init>(InitializeDriver.java:18)
at com.utill.InitializeDriver.<init>(InitializeDriver.java:18)
at com.utill.InitializeDriver.<init>(InitializeDriver.java:18)
at com.utill.InitializeDriver.<init>(InitializeDriver.java:18)
at com.utill.InitializeDriver.<init>(InitializeDriver.java:18)
at com.utill.InitializeDriver.<init>(InitializeDriver.java:18)
at com.utill.InitializeDriver.<init>(InitializeDriver.java:18)
at com.utill.InitializeDriver.<init>(InitializeDriver.java:18)
at com.utill.InitializeDriver.<init>(InitializeDriver.java:18)
at com.utill.InitializeDriver.<init>(InitializeDriver.java:18)
at com.utill.InitializeDriver.<init>(InitializeDriver.java:18)
at com.utill.InitializeDriver.<init>(InitializeDriver.java:18)
at com.utill.InitializeDriver.<init>(InitializeDriver.java:18)
at com.utill.InitializeDriver.<init>(InitializeDriver.java:18)
at com.utill.InitializeDriver.<init>(InitializeDriver.java:18)
at com.utill.InitializeDriver.<init>(InitializeDriver.java:18)
at com.utill.InitializeDriver.<init>(InitializeDriver.java:18)
at com.utill.InitializeDriver.<init>(InitializeDriver.java:18)
at com.utill.InitializeDriver.<init>(InitializeDriver.java:18)
at com.utill.InitializeDriver.<init>(InitializeDriver.java:18)
at com.utill.InitializeDriver.<init>(InitializeDriver.java:18)
at com.utill.InitializeDriver.<init>(InitializeDriver.java:18)
at com.utill.InitializeDriver.<init>(InitializeDriver.java:18)
at com.utill.InitializeDriver.<init>(InitializeDriver.java:18)
at com.utill.InitializeDriver.<init>(InitializeDriver.java:18)
at com.utill.InitializeDriver.<init>(InitializeDriver.java:18)
at com.utill.InitializeDriver.<init>(InitializeDriver.java:18)
at com.utill.InitializeDriver.<init>(InitializeDriver.java:18)
at com.utill.InitializeDriver.<init>(InitializeDriver.java:18)
at com.utill.InitializeDriver.<init>(InitializeDriver.java:18)
at com.utill.InitializeDriver.<init>(InitializeDriver.java:18)
at com.utill.InitializeDriver.<init>(InitializeDriver.java:18)
at com.utill.InitializeDriver.<init>(InitializeDriver.java:18)
at com.utill.InitializeDriver.<init>(InitializeDriver.java:18)
at com.utill.InitializeDriver.<init>(InitializeDriver.java:18)
at com.utill.InitializeDriver.<init>(InitializeDriver.java:18)
at com.utill.InitializeDriver.<init>(InitializeDriver.java:18)
at com.utill.InitializeDriver.<init>(InitializeDriver.java:18)
at com.utill.InitializeDriver.<init>(InitializeDriver.java:18)
at com.utill.InitializeDriver.<init>(InitializeDriver.java:18)
at com.utill.InitializeDriver.<init>(InitializeDriver.java:18)
at com.utill.InitializeDriver.<init>(InitializeDriver.java:18)
at com.utill.InitializeDriver.<init>(InitializeDriver.java:18)
at com.utill.InitializeDriver.<init>(InitializeDriver.java:18)
at com.utill.InitializeDriver.<init>(InitializeDriver.java:18)
at com.utill.InitializeDriver.<init>(InitializeDriver.java:18)
at com.utill.InitializeDriver.<init>(InitializeDriver.java:18)
at com.utill.InitializeDriver.<init>(InitializeDriver.java:18)
at com.utill.InitializeDriver.<init>(InitializeDriver.java:18)
at com.utill.InitializeDriver.<init>(InitializeDriver.java:18)
at com.utill.InitializeDriver.<init>(InitializeDriver.java:18)
at com.utill.InitializeDriver.<init>(InitializeDriver.java:18)
at com.utill.InitializeDriver.<init>(InitializeDriver.java:18)
at com.utill.InitializeDriver.<init>(InitializeDriver.java:18)
at com.utill.InitializeDriver.<init>(InitializeDriver.java:18)
at com.utill.InitializeDriver.<init>(InitializeDriver.java:18)
at com.utill.InitializeDriver.<init>(InitializeDriver.java:18)
at com.utill.InitializeDriver.<init>(InitializeDriver.java:18)
at com.utill.InitializeDriver.<init>(InitializeDriver.java:18)
at com.utill.InitializeDriver.<init>(InitializeDriver.java:18)
at com.utill.InitializeDriver.<init>(InitializeDriver.java:18)
at com.utill.InitializeDriver.<init>(InitializeDriver.java:18)
at com.utill.InitializeDriver.<init>(InitializeDriver.java:18)
at com.utill.InitializeDriver.<init>(InitializeDriver.java:18)
at com.utill.InitializeDriver.<init>(InitializeDriver.java:18)
at com.utill.InitializeDriver.<init>(InitializeDriver.java:18)
at com.utill.InitializeDriver.<init>(InitializeDriver.java:18)
at com.utill.InitializeDriver.<init>(InitializeDriver.java:18)
at com.utill.InitializeDriver.<init>(InitializeDriver.java:18)
at com.utill.InitializeDriver.<init>(InitializeDriver.java:18)
at com.utill.InitializeDriver.<init>(InitializeDriver.java:18)
at com.utill.InitializeDriver.<init>(InitializeDriver.java:18)
at com.utill.InitializeDriver.<init>(InitializeDriver.java:18)
at com.utill.InitializeDriver.<init>(InitializeDriver.java:18)
at com.utill.InitializeDriver.<init>(InitializeDriver.java:18)
at com.utill.InitializeDriver.<init>(InitializeDriver.java:18)
at com.utill.InitializeDriver.<init>(InitializeDriver.java:18)
at com.utill.InitializeDriver.<init>(InitializeDriver.java:18)
at com.utill.InitializeDriver.<init>(InitializeDriver.java:18)
at com.utill.InitializeDriver.<init>(InitializeDriver.java:18)
at com.utill.InitializeDriver.<init>(InitializeDriver.java:18)
at com.utill.InitializeDriver.<init>(InitializeDriver.java:18)
at com.utill.InitializeDriver.<init>(InitializeDriver.java:18)
at com.utill.InitializeDriver.<init>(InitializeDriver.java:18)
at com.utill.InitializeDriver.<init>(InitializeDriver.java:18)
at com.utill.InitializeDriver.<init>(InitializeDriver.java:18)
at com.utill.InitializeDriver.<init>(InitializeDriver.java:18)
at com.utill.InitializeDriver.<init>(InitializeDriver.java:18)
at com.utill.InitializeDriver.<init>(InitializeDriver.java:18)
at com.utill.InitializeDriver.<init>(InitializeDriver.java:18)
at com.utill.InitializeDriver.<init>(InitializeDriver.java:18)
at com.utill.InitializeDriver.<init>(InitializeDriver.java:18)
at com.utill.InitializeDriver.<init>(InitializeDriver.java:18)
at com.utill.InitializeDriver.<init>(InitializeDriver.java:18)
at com.utill.InitializeDriver.<init>(InitializeDriver.java:18)
at com.utill.InitializeDriver.<init>(InitializeDriver.java:18)
at com.utill.InitializeDriver.<init>(InitializeDriver.java:18)
at com.utill.InitializeDriver.<init>(InitializeDriver.java:18)
at com.utill.InitializeDriver.<init>(InitializeDriver.java:18)
at com.utill.InitializeDriver.<init>(InitializeDriver.java:18)
at com.utill.InitializeDriver.<init>(InitializeDriver.java:18)
at com.utill.InitializeDriver.<init>(InitializeDriver.java:18)
at com.utill.InitializeDriver.<init>(InitializeDriver.java:18)
at com.utill.InitializeDriver.<init>(InitializeDriver.java:18)
at com.utill.InitializeDriver.<init>(InitializeDriver.java:18)
at com.utill.InitializeDriver.<init>(InitializeDriver.java:18)
at com.utill.InitializeDriver.<init>(InitializeDriver.java:18)
at com.utill.InitializeDriver.<init>(InitializeDriver.java:18)
at com.utill.InitializeDriver.<init>(InitializeDriver.java:18)
at com.utill.InitializeDriver.<init>(InitializeDriver.java:18)
at com.utill.InitializeDriver.<init>(InitializeDriver.java:18)
at com.utill.InitializeDriver.<init>(InitializeDriver.java:18)
at com.utill.InitializeDriver.<init>(InitializeDriver.java:18)
at com.utill.InitializeDriver.<init>(InitializeDriver.java:18)
at com.utill.InitializeDriver.<init>(InitializeDriver.java:18)
at com.utill.InitializeDriver.<init>(InitializeDriver.java:18)
at com.utill.InitializeDriver.<init>(InitializeDriver.java:18)
at com.utill.InitializeDriver.<init>(InitializeDriver.java:18)
at com.utill.InitializeDriver.<init>(InitializeDriver.java:18)
at com.utill.InitializeDriver.<init>(InitializeDriver.java:18)
at com.utill.InitializeDriver.<init>(InitializeDriver.java:18)
at com.utill.InitializeDriver.<init>(InitializeDriver.java:18)
at com.utill.InitializeDriver.<init>(InitializeDriver.java:18)
at com.utill.InitializeDriver.<init>(InitializeDriver.java:18)
at com.utill.InitializeDriver.<init>(InitializeDriver.java:18)
at com.utill.InitializeDriver.<init>(InitializeDriver.java:18)
at com.utill.InitializeDriver.<init>(InitializeDriver.java:18)
at com.utill.InitializeDriver.<init>(InitializeDriver.java:18)
at com.utill.InitializeDriver.<init>(InitializeDriver.java:18)
at com.utill.InitializeDriver.<init>(InitializeDriver.java:18)
at com.utill.InitializeDriver.<init>(InitializeDriver.java:18)
at com.utill.InitializeDriver.<init>(InitializeDriver.java:18)
at com.utill.InitializeDriver.<init>(InitializeDriver.java:18)
at com.utill.InitializeDriver.<init>(InitializeDriver.java:18)
at com.utill.InitializeDriver.<init>(InitializeDriver.java:18)
at com.utill.InitializeDriver.<init>(InitializeDriver.java:18)
at com.utill.InitializeDriver.<init>(InitializeDriver.java:18)
at com.utill.InitializeDriver.<init>(InitializeDriver.java:18)
at com.utill.InitializeDriver.<init>(InitializeDriver.java:18)
at com.utill.InitializeDriver.<init>(InitializeDriver.java:18)
at com.utill.InitializeDriver.<init>(InitializeDriver.java:18)
at com.utill.InitializeDriver.<init>(InitializeDriver.java:18)
at com.utill.InitializeDriver.<init>(InitializeDriver.java:18)
at com.utill.InitializeDriver.<init>(InitializeDriver.java:18)
at com.utill.InitializeDriver.<init>(InitializeDriver.java:18)
at com.utill.InitializeDriver.<init>(InitializeDriver.java:18)
at com.utill.InitializeDriver.<init>(InitializeDriver.java:18)
at com.utill.InitializeDriver.<init>(InitializeDriver.java:18)
at com.utill.InitializeDriver.<init>(InitializeDriver.java:18)
at com.utill.InitializeDriver.<init>(InitializeDriver.java:18)
at com.utill.InitializeDriver.<init>(InitializeDriver.java:18)
at com.utill.InitializeDriver.<init>(InitializeDriver.java:18)
at com.utill.InitializeDriver.<init>(InitializeDriver.java:18)
at com.utill.InitializeDriver.<init>(InitializeDriver.java:18)
at com.utill.InitializeDriver.<init>(InitializeDriver.java:18)
at com.utill.InitializeDriver.<init>(InitializeDriver.java:18)
at com.utill.InitializeDriver.<init>(InitializeDriver.java:18)
at com.utill.InitializeDriver.<init>(InitializeDriver.java:18)
at com.utill.InitializeDriver.<init>(InitializeDriver.java:18)
at com.utill.InitializeDriver.<init>(InitializeDriver.java:18)
at com.utill.InitializeDriver.<init>(InitializeDriver.java:18)
at com.utill.InitializeDriver.<init>(InitializeDriver.java:18)
at com.utill.InitializeDriver.<init>(InitializeDriver.java:18)
at com.utill.InitializeDriver.<init>(InitializeDriver.java:18)
at com.utill.InitializeDriver.<init>(InitializeDriver.java:18)
at com.utill.InitializeDriver.<init>(InitializeDriver.java:18)
at com.utill.InitializeDriver.<init>(InitializeDriver.java:18)
at com.utill.InitializeDriver.<init>(InitializeDriver.java:18)
at com.utill.InitializeDriver.<init>(InitializeDriver.java:18)
at com.utill.InitializeDriver.<init>(InitializeDriver.java:18)
at com.utill.InitializeDriver.<init>(InitializeDriver.java:18)
at com.utill.InitializeDriver.<init>(InitializeDriver.java:18)
at com.utill.InitializeDriver.<init>(InitializeDriver.java:18)
at com.utill.InitializeDriver.<init>(InitializeDriver.java:18)
at com.utill.InitializeDriver.<init>(InitializeDriver.java:18)
at com.utill.InitializeDriver.<init>(InitializeDriver.java:18)
at com.utill.InitializeDriver.<init>(InitializeDriver.java:18)
at com.utill.InitializeDriver.<init>(InitializeDriver.java:18)
at com.utill.InitializeDriver.<init>(InitializeDriver.java:18)
at com.utill.InitializeDriver.<init>(InitializeDriver.java:18)
at com.utill.InitializeDriver.<init>(InitializeDriver.java:18)
at com.utill.InitializeDriver.<init>(InitializeDriver.java:18)
at com.utill.InitializeDriver.<init>(InitializeDriver.java:18)
at com.utill.InitializeDriver.<init>(InitializeDriver.java:18)
at com.utill.InitializeDriver.<init>(InitializeDriver.java:18)
at com.utill.InitializeDriver.<init>(InitializeDriver.java:18)
at com.utill.InitializeDriver.<init>(InitializeDriver.java:18)
at com.utill.InitializeDriver.<init>(InitializeDriver.java:18)
at com.utill.InitializeDriver.<init>(InitializeDriver.java:18)
at com.utill.InitializeDriver.<init>(InitializeDriver.java:18)
at com.utill.InitializeDriver.<init>(InitializeDriver.java:18)
at com.utill.InitializeDriver.<init>(InitializeDriver.java:18)
at com.utill.InitializeDriver.<init>(InitializeDriver.java:18)
at com.utill.InitializeDriver.<init>(InitializeDriver.java:18)
at com.utill.InitializeDriver.<init>(InitializeDriver.java:18)
at com.utill.InitializeDriver.<init>(InitializeDriver.java:18)
at com.utill.InitializeDriver.<init>(InitializeDriver.java:18)
at com.utill.InitializeDriver.<init>(InitializeDriver.java:18)
at com.utill.InitializeDriver.<init>(InitializeDriver.java:18)
at com.utill.InitializeDriver.<init>(InitializeDriver.java:18)
at com.utill.InitializeDriver.<init>(InitializeDriver.java:18)
at com.utill.InitializeDriver.<init>(InitializeDriver.java:18)
at com.utill.InitializeDriver.<init>(InitializeDriver.java:18)
at com.utill.InitializeDriver.<init>(InitializeDriver.java:18)
at com.utill.InitializeDriver.<init>(InitializeDriver.java:18)
at com.utill.InitializeDriver.<init>(InitializeDriver.java:18)
at com.utill.InitializeDriver.<init>(InitializeDriver.java:18)
at com.utill.InitializeDriver.<init>(InitializeDriver.java:18)
at com.utill.InitializeDriver.<init>(InitializeDriver.java:18)
at com.utill.InitializeDriver.<init>(InitializeDriver.java:18)
at com.utill.InitializeDriver.<init>(InitializeDriver.java:18)
at com.utill.InitializeDriver.<init>(InitializeDriver.java:18)
at com.utill.InitializeDriver.<init>(InitializeDriver.java:18)
at com.utill.InitializeDriver.<init>(InitializeDriver.java:18)
at com.utill.InitializeDriver.<init>(InitializeDriver.java:18)
at com.utill.InitializeDriver.<init>(InitializeDriver.java:18)
at com.utill.InitializeDriver.<init>(InitializeDriver.java:18)
at com.utill.InitializeDriver.<init>(InitializeDriver.java:18)
at com.utill.InitializeDriver.<init>(InitializeDriver.java:18)
at com.utill.InitializeDriver.<init>(InitializeDriver.java:18)
at com.utill.InitializeDriver.<init>(InitializeDriver.java:18)
at com.utill.InitializeDriver.<init>(InitializeDriver.java:18)
at com.utill.InitializeDriver.<init>(InitializeDriver.java:18)
at com.utill.InitializeDriver.<init>(InitializeDriver.java:18)
at com.utill.InitializeDriver.<init>(InitializeDriver.java:18)
at com.utill.InitializeDriver.<init>(InitializeDriver.java:18)
at com.utill.InitializeDriver.<init>(InitializeDriver.java:18)
at com.utill.InitializeDriver.<init>(InitializeDriver.java:18)
at com.utill.InitializeDriver.<init>(InitializeDriver.java:18)
at com.utill.InitializeDriver.<init>(InitializeDriver.java:18)
at com.utill.InitializeDriver.<init>(InitializeDriver.java:18)
at com.utill.InitializeDriver.<init>(InitializeDriver.java:18)
at com.utill.InitializeDriver.<init>(InitializeDriver.java:18)
at com.utill.InitializeDriver.<init>(InitializeDriver.java:18)
at com.utill.InitializeDriver.<init>(InitializeDriver.java:18)
at com.utill.InitializeDriver.<init>(InitializeDriver.java:18)
at com.utill.InitializeDriver.<init>(InitializeDriver.java:18)
at com.utill.InitializeDriver.<init>(InitializeDriver.java:18)
at com.utill.InitializeDriver.<init>(InitializeDriver.java:18)
at com.utill.InitializeDriver.<init>(InitializeDriver.java:18)
at com.utill.InitializeDriver.<init>(InitializeDriver.java:18)
at com.utill.InitializeDriver.<init>(InitializeDriver.java:18)
at com.utill.InitializeDriver.<init>(InitializeDriver.java:18)
at com.utill.InitializeDriver.<init>(InitializeDriver.java:18)
at com.utill.InitializeDriver.<init>(InitializeDriver.java:18)
at com.utill.InitializeDriver.<init>(InitializeDriver.java:18)
at com.utill.InitializeDriver.<init>(InitializeDriver.java:18)
at com.utill.InitializeDriver.<init>(InitializeDriver.java:18)
at com.utill.InitializeDriver.<init>(InitializeDriver.java:18)
at com.utill.InitializeDriver.<init>(InitializeDriver.java:18)
at com.utill.InitializeDriver.<init>(InitializeDriver.java:18)
at com.utill.InitializeDriver.<init>(InitializeDriver.java:18)
at com.utill.InitializeDriver.<init>(InitializeDriver.java:18)
at com.utill.InitializeDriver.<init>(InitializeDriver.java:18)
at com.utill.InitializeDriver.<init>(InitializeDriver.java:18)
at com.utill.InitializeDriver.<init>(InitializeDriver.java:18)
at com.utill.InitializeDriver.<init>(InitializeDriver.java:18)
at com.utill.InitializeDriver.<init>(InitializeDriver.java:18)
at com.utill.InitializeDriver.<init>(InitializeDriver.java:18)
at com.utill.InitializeDriver.<init>(InitializeDriver.java:18)
at com.utill.InitializeDriver.<init>(InitializeDriver.java:18)
at com.utill.InitializeDriver.<init>(InitializeDriver.java:18)
at com.utill.InitializeDriver.<init>(InitializeDriver.java:18)
at com.utill.InitializeDriver.<init>(InitializeDriver.java:18)
at com.utill.InitializeDriver.<init>(InitializeDriver.java:18)
at com.utill.InitializeDriver.<init>(InitializeDriver.java:18)
at com.utill.InitializeDriver.<init>(InitializeDriver.java:18)
at com.utill.InitializeDriver.<init>(InitializeDriver.java:18)
at com.utill.InitializeDriver.<init>(InitializeDriver.java:18)
at com.utill.InitializeDriver.<init>(InitializeDriver.java:18)
at com.utill.InitializeDriver.<init>(InitializeDriver.java:18)
at com.utill.InitializeDriver.<init>(InitializeDriver.java:18)
at com.utill.InitializeDriver.<init>(InitializeDriver.java:18)
at com.utill.InitializeDriver.<init>(InitializeDriver.java:18)
at com.utill.InitializeDriver.<init>(InitializeDriver.java:18)
at com.utill.InitializeDriver.<init>(InitializeDriver.java:18)
at com.utill.InitializeDriver.<init>(InitializeDriver.java:18)
at com.utill.InitializeDriver.<init>(InitializeDriver.java:18)
at com.utill.InitializeDriver.<init>(InitializeDriver.java:18)
at com.utill.InitializeDriver.<init>(InitializeDriver.java:18)
at com.utill.InitializeDriver.<init>(InitializeDriver.java:18)
at com.utill.InitializeDriver.<init>(InitializeDriver.java:18)
at com.utill.InitializeDriver.<init>(InitializeDriver.java:18)
at com.utill.InitializeDriver.<init>(InitializeDriver.java:18)
at com.utill.InitializeDriver.<init>(InitializeDriver.java:18)
at com.utill.InitializeDriver.<init>(InitializeDriver.java:18)
at com.utill.InitializeDriver.<init>(InitializeDriver.java:18)
at com.utill.InitializeDriver.<init>(InitializeDriver.java:18)
at com.utill.InitializeDriver.<init>(InitializeDriver.java:18)
at com.utill.InitializeDriver.<init>(InitializeDriver.java:18)
at com.utill.InitializeDriver.<init>(InitializeDriver.java:18)
at com.utill.InitializeDriver.<init>(InitializeDriver.java:18)
at com.utill.InitializeDriver.<init>(InitializeDriver.java:18)
at com.utill.InitializeDriver.<init>(InitializeDriver.java:18)
at com.utill.InitializeDriver.<init>(InitializeDriver.java:18)
at com.utill.InitializeDriver.<init>(InitializeDriver.java:18)
at com.utill.InitializeDriver.<init>(InitializeDriver.java:18)
at com.utill.InitializeDriver.<init>(InitializeDriver.java:18)
at com.utill.InitializeDriver.<init>(InitializeDriver.java:18)
at com.utill.InitializeDriver.<init>(InitializeDriver.java:18)
at com.utill.InitializeDriver.<init>(InitializeDriver.java:18)
at com.utill.InitializeDriver.<init>(InitializeDriver.java:18)
at com.utill.InitializeDriver.<init>(InitializeDriver.java:18)
at com.utill.InitializeDriver.<init>(InitializeDriver.java:18)
at com.utill.InitializeDriver.<init>(InitializeDriver.java:18)
at com.utill.InitializeDriver.<init>(InitializeDriver.java:18)
at com.utill.InitializeDriver.<init>(InitializeDriver.java:18)
at com.utill.InitializeDriver.<init>(InitializeDriver.java:18)
at com.utill.InitializeDriver.<init>(InitializeDriver.java:18)
at com.utill.InitializeDriver.<init>(InitializeDriver.java:18)
at com.utill.InitializeDriver.<init>(InitializeDriver.java:18)
at com.utill.InitializeDriver.<init>(InitializeDriver.java:18)
at com.utill.InitializeDriver.<init>(InitializeDriver.java:18)
at com.utill.InitializeDriver.<init>(InitializeDriver.java:18)
at com.utill.InitializeDriver.<init>(InitializeDriver.java:18)
at com.utill.InitializeDriver.<init>(InitializeDriver.java:18)
at com.utill.InitializeDriver.<init>(InitializeDriver.java:18)
at com.utill.InitializeDriver.<init>(InitializeDriver.java:18)
at com.utill.InitializeDriver.<init>(InitializeDriver.java:18)
at com.utill.InitializeDriver.<init>(InitializeDriver.java:18)
at com.utill.InitializeDriver.<init>(InitializeDriver.java:18)
at com.utill.InitializeDriver.<init>(InitializeDriver.java:18)
at com.utill.InitializeDriver.<init>(InitializeDriver.java:18)
at com.utill.InitializeDriver.<init>(InitializeDriver.java:18)
at com.utill.InitializeDriver.<init>(InitializeDriver.java:18)
at com.utill.InitializeDriver.<init>(InitializeDriver.java:18)
at com.utill.InitializeDriver.<init>(InitializeDriver.java:18)
at com.utill.InitializeDriver.<init>(InitializeDriver.java:18)
at com.utill.InitializeDriver.<init>(InitializeDriver.java:18)
at com.utill.InitializeDriver.<init>(InitializeDriver.java:18)
at com.utill.InitializeDriver.<init>(InitializeDriver.java:18)
at com.utill.InitializeDriver.<init>(InitializeDriver.java:18)
at com.utill.InitializeDriver.<init>(InitializeDriver.java:18)
at com.utill.InitializeDriver.<init>(InitializeDriver.java:18)
at com.utill.InitializeDriver.<init>(InitializeDriver.java:18)
at com.utill.InitializeDriver.<init>(InitializeDriver.java:18)
at com.utill.InitializeDriver.<init>(InitializeDriver.java:18)
at com.utill.InitializeDriver.<init>(InitializeDriver.java:18)
at com.utill.InitializeDriver.<init>(InitializeDriver.java:18)
at com.utill.InitializeDriver.<init>(InitializeDriver.java:18)
at com.utill.InitializeDriver.<init>(InitializeDriver.java:18)
at com.utill.InitializeDriver.<init>(InitializeDriver.java:18)
at com.utill.InitializeDriver.<init>(InitializeDriver.java:18)
at com.utill.InitializeDriver.<init>(InitializeDriver.java:18)
at com.utill.InitializeDriver.<init>(InitializeDriver.java:18)
at com.utill.InitializeDriver.<init>(InitializeDriver.java:18)
at com.utill.InitializeDriver.<init>(InitializeDriver.java:18)
at com.utill.InitializeDriver.<init>(InitializeDriver.java:18)
at com.utill.InitializeDriver.<init>(InitializeDriver.java:18)
at com.utill.InitializeDriver.<init>(InitializeDriver.java:18)
at com.utill.InitializeDriver.<init>(InitializeDriver.java:18)
at com.utill.InitializeDriver.<init>(InitializeDriver.java:18)
at com.utill.InitializeDriver.<init>(InitializeDriver.java:18)
at com.utill.InitializeDriver.<init>(InitializeDriver.java:18)
at com.utill.InitializeDriver.<init>(InitializeDriver.java:18)
at com.utill.InitializeDriver.<init>(InitializeDriver.java:18)
at com.utill.InitializeDriver.<init>(InitializeDriver.java:18)
at com.utill.InitializeDriver.<init>(InitializeDriver.java:18)
at com.utill.InitializeDriver.<init>(InitializeDriver.java:18)
at com.utill.InitializeDriver.<init>(InitializeDriver.java:18)
at com.utill.InitializeDriver.<init>(InitializeDriver.java:18)
at com.utill.InitializeDriver.<init>(InitializeDriver.java:18)
at com.utill.InitializeDriver.<init>(InitializeDriver.java:18)
at com.utill.InitializeDriver.<init>(InitializeDriver.java:18)
at com.utill.InitializeDriver.<init>(InitializeDriver.java:18)
at com.utill.InitializeDriver.<init>(InitializeDriver.java:18)
at com.utill.InitializeDriver.<init>(InitializeDriver.java:18)
at com.utill.InitializeDriver.<init>(InitializeDriver.java:18)
at com.utill.InitializeDriver.<init>(InitializeDriver.java:18)
at com.utill.InitializeDriver.<init>(InitializeDriver.java:18)
at com.utill.InitializeDriver.<init>(InitializeDriver.java:18)
at com.utill.InitializeDriver.<init>(InitializeDriver.java:18)
at com.utill.InitializeDriver.<init>(InitializeDriver.java:18)
at com.utill.InitializeDriver.<init>(InitializeDriver.java:18)
at com.utill.InitializeDriver.<init>(InitializeDriver.java:18)
at com.utill.InitializeDriver.<init>(InitializeDriver.java:18)
at com.utill.InitializeDriver.<init>(InitializeDriver.java:18)
at com.utill.InitializeDriver.<init>(InitializeDriver.java:18)
at com.utill.InitializeDriver.<init>(InitializeDriver.java:18)
at com.utill.InitializeDriver.<init>(InitializeDriver.java:18)
at com.utill.InitializeDriver.<init>(InitializeDriver.java:18)
at com.utill.InitializeDriver.<init>(InitializeDriver.java:18)
at com.utill.InitializeDriver.<init>(InitializeDriver.java:18)
at com.utill.InitializeDriver.<init>(InitializeDriver.java:18)
at com.utill.InitializeDriver.<init>(InitializeDriver.java:18)
at com.utill.InitializeDriver.<init>(InitializeDriver.java:18)
at com.utill.InitializeDriver.<init>(InitializeDriver.java:18)
at com.utill.InitializeDriver.<init>(InitializeDriver.java:18)
at com.utill.InitializeDriver.<init>(InitializeDriver.java:18)
at com.utill.InitializeDriver.<init>(InitializeDriver.java:18)
at com.utill.InitializeDriver.<init>(InitializeDriver.java:18)
at com.utill.InitializeDriver.<init>(InitializeDriver.java:18)
at com.utill.InitializeDriver.<init>(InitializeDriver.java:18)
at com.utill.InitializeDriver.<init>(InitializeDriver.java:18)
at com.utill.InitializeDriver.<init>(InitializeDriver.java:18)
at com.utill.InitializeDriver.<init>(InitializeDriver.java:18)
at com.utill.InitializeDriver.<init>(InitializeDriver.java:18)
at com.utill.InitializeDriver.<init>(InitializeDriver.java:18)
at com.utill.InitializeDriver.<init>(InitializeDriver.java:18)
at com.utill.InitializeDriver.<init>(InitializeDriver.java:18)
at com.utill.InitializeDriver.<init>(InitializeDriver.java:18)
at com.utill.InitializeDriver.<init>(InitializeDriver.java:18)
at com.utill.InitializeDriver.<init>(InitializeDriver.java:18)
at com.utill.InitializeDriver.<init>(InitializeDriver.java:18)
at com.utill.InitializeDriver.<init>(InitializeDriver.java:18)
at com.utill.InitializeDriver.<init>(InitializeDriver.java:18)
at com.utill.InitializeDriver.<init>(InitializeDriver.java:18)
at com.utill.InitializeDriver.<init>(InitializeDriver.java:18)
at com.utill.InitializeDriver.<init>(InitializeDriver.java:18)
at com.utill.InitializeDriver.<init>(InitializeDriver.java:18)
at com.utill.InitializeDriver.<init>(InitializeDriver.java:18)
at com.utill.InitializeDriver.<init>(InitializeDriver.java:18)
at com.utill.InitializeDriver.<init>(InitializeDriver.java:18)
at com.utill.InitializeDriver.<init>(InitializeDriver.java:18)
at com.utill.InitializeDriver.<init>(InitializeDriver.java:18)
at com.utill.InitializeDriver.<init>(InitializeDriver.java:18)
at com.utill.InitializeDriver.<init>(InitializeDriver.java:18)
at com.utill.InitializeDriver.<init>(InitializeDriver.java:18)
at com.utill.InitializeDriver.<init>(InitializeDriver.java:18)
at com.utill.InitializeDriver.<init>(InitializeDriver.java:18)
at com.utill.InitializeDriver.<init>(InitializeDriver.java:18)
at com.utill.InitializeDriver.<init>(InitializeDriver.java:18)
at com.utill.InitializeDriver.<init>(InitializeDriver.java:18)
at com.utill.InitializeDriver.<init>(InitializeDriver.java:18)
at com.utill.InitializeDriver.<init>(InitializeDriver.java:18)
at com.utill.InitializeDriver.<init>(InitializeDriver.java:18)
at com.utill.InitializeDriver.<init>(InitializeDriver.java:18)
at com.utill.InitializeDriver.<init>(InitializeDriver.java:18)
at com.utill.InitializeDriver.<init>(InitializeDriver.java:18)
at com.utill.InitializeDriver.<init>(InitializeDriver.java:18)
at com.utill.InitializeDriver.<init>(InitializeDriver.java:18)
at com.utill.InitializeDriver.<init>(InitializeDriver.java:18)
at com.utill.InitializeDriver.<init>(InitializeDriver.java:18)
at com.utill.InitializeDriver.<init>(InitializeDriver.java:18)
at com.utill.InitializeDriver.<init>(InitializeDriver.java:18)
at com.utill.InitializeDriver.<init>(InitializeDriver.java:18)
at com.utill.InitializeDriver.<init>(InitializeDriver.java:18)
at com.utill.InitializeDriver.<init>(InitializeDriver.java:18)
at com.utill.InitializeDriver.<init>(InitializeDriver.java:18)
at com.utill.InitializeDriver.<init>(InitializeDriver.java:18)
at com.utill.InitializeDriver.<init>(InitializeDriver.java:18)
at com.utill.InitializeDriver.<init>(InitializeDriver.java:18)
at com.utill.InitializeDriver.<init>(InitializeDriver.java:18)
at com.utill.InitializeDriver.<init>(InitializeDriver.java:18)
at com.utill.InitializeDriver.<init>(InitializeDriver.java:18)
at com.utill.InitializeDriver.<init>(InitializeDriver.java:18)
at com.utill.InitializeDriver.<init>(InitializeDriver.java:18)
at com.utill.InitializeDriver.<init>(InitializeDriver.java:18)
at com.utill.InitializeDriver.<init>(InitializeDriver.java:18)
at com.utill.InitializeDriver.<init>(InitializeDriver.java:18)
at com.utill.InitializeDriver.<init>(InitializeDriver.java:18)
at com.utill.InitializeDriver.<init>(InitializeDriver.java:18)
at com.utill.InitializeDriver.<init>(InitializeDriver.java:18)
at com.utill.InitializeDriver.<init>(InitializeDriver.java:18)
at com.utill.InitializeDriver.<init>(InitializeDriver.java:18)
at com.utill.InitializeDriver.<init>(InitializeDriver.java:18)
at com.utill.InitializeDriver.<init>(InitializeDriver.java:18)
at com.utill.InitializeDriver.<init>(InitializeDriver.java:18)
at com.utill.InitializeDriver.<init>(InitializeDriver.java:18)
at com.utill.InitializeDriver.<init>(InitializeDriver.java:18)
at com.utill.InitializeDriver.<init>(InitializeDriver.java:18)
at com.utill.InitializeDriver.<init>(InitializeDriver.java:18)
at com.utill.InitializeDriver.<init>(InitializeDriver.java:18)
at com.utill.InitializeDriver.<init>(InitializeDriver.java:18)
at com.utill.InitializeDriver.<init>(InitializeDriver.java:18)
at com.utill.InitializeDriver.<init>(InitializeDriver.java:18)
at com.utill.InitializeDriver.<init>(InitializeDriver.java:18)
at com.utill.InitializeDriver.<init>(InitializeDriver.java:18)
at com.utill.InitializeDriver.<init>(InitializeDriver.java:18)
at com.utill.InitializeDriver.<init>(InitializeDriver.java:18)
at com.utill.InitializeDriver.<init>(InitializeDriver.java:18)
at com.utill.InitializeDriver.<init>(InitializeDriver.java:18)
at com.utill.InitializeDriver.<init>(InitializeDriver.java:18)
at com.utill.InitializeDriver.<init>(InitializeDriver.java:18)
at com.utill.InitializeDriver.<init>(InitializeDriver.java:18)
at com.utill.InitializeDriver.<init>(InitializeDriver.java:18)
at com.utill.InitializeDriver.<init>(InitializeDriver.java:18)
at com.utill.InitializeDriver.<init>(InitializeDriver.java:18)
at com.utill.InitializeDriver.<init>(InitializeDriver.java:18)
at com.utill.InitializeDriver.<init>(InitializeDriver.java:18)
at com.utill.InitializeDriver.<init>(InitializeDriver.java:18)
at com.utill.InitializeDriver.<init>(InitializeDriver.java:18)
at com.utill.InitializeDriver.<init>(InitializeDriver.java:18)
at com.utill.InitializeDriver.<init>(InitializeDriver.java:18)
at com.utill.InitializeDriver.<init>(InitializeDriver.java:18)
at com.utill.InitializeDriver.<init>(InitializeDriver.java:18)
at com.utill.InitializeDriver.<init>(InitializeDriver.java:18)
at com.utill.InitializeDriver.<init>(InitializeDriver.java:18)
at com.utill.InitializeDriver.<init>(InitializeDriver.java:18)
at com.utill.InitializeDriver.<init>(InitializeDriver.java:18)
at com.utill.InitializeDriver.<init>(InitializeDriver.java:18)
at com.utill.InitializeDriver.<init>(InitializeDriver.java:18)
at com.utill.InitializeDriver.<init>(InitializeDriver.java:18)
at com.utill.InitializeDriver.<init>(InitializeDriver.java:18)
at com.utill.InitializeDriver.<init>(InitializeDriver.java:18)
at com.utill.InitializeDriver.<init>(InitializeDriver.java:18)
at com.utill.InitializeDriver.<init>(InitializeDriver.java:18)
at com.utill.InitializeDriver.<init>(InitializeDriver.java:18)
at com.utill.InitializeDriver.<init>(InitializeDriver.java:18)
at com.utill.InitializeDriver.<init>(InitializeDriver.java:18)
at com.utill.InitializeDriver.<init>(InitializeDriver.java:18)
at com.utill.InitializeDriver.<init>(InitializeDriver.java:18)
at com.utill.InitializeDriver.<init>(InitializeDriver.java:18)
at com.utill.InitializeDriver.<init>(InitializeDriver.java:18)
at com.utill.InitializeDriver.<init>(InitializeDriver.java:18)
at com.utill.InitializeDriver.<init>(InitializeDriver.java:18)
at com.utill.InitializeDriver.<init>(InitializeDriver.java:18)
at com.utill.InitializeDriver.<init>(InitializeDriver.java:18)
at com.utill.InitializeDriver.<init>(InitializeDriver.java:18)
at com.utill.InitializeDriver.<init>(InitializeDriver.java:18)
at com.utill.InitializeDriver.<init>(InitializeDriver.java:18)
at com.utill.InitializeDriver.<init>(InitializeDriver.java:18)
at com.utill.InitializeDriver.<init>(InitializeDriver.java:18)
at com.utill.InitializeDriver.<init>(InitializeDriver.java:18)
at com.utill.InitializeDriver.<init>(InitializeDriver.java:18)
at com.utill.InitializeDriver.<init>(InitializeDriver.java:18)
at com.utill.InitializeDriver.<init>(InitializeDriver.java:18)
at com.utill.InitializeDriver.<init>(InitializeDriver.java:18)
at com.utill.InitializeDriver.<init>(InitializeDriver.java:18)
at com.utill.InitializeDriver.<init>(InitializeDriver.java:18)
at com.utill.InitializeDriver.<init>(InitializeDriver.java:18)
at com.utill.InitializeDriver.<init>(InitializeDriver.java:18)
at com.utill.InitializeDriver.<init>(InitializeDriver.java:18)
at com.utill.InitializeDriver.<init>(InitializeDriver.java:18)
at com.utill.InitializeDriver.<init>(InitializeDriver.java:18)
at com.utill.InitializeDriver.<init>(InitializeDriver.java:18)
at com.utill.InitializeDriver.<init>(InitializeDriver.java:18)
at com.utill.InitializeDriver.<init>(InitializeDriver.java:18)
at com.utill.InitializeDriver.<init>(InitializeDriver.java:18)
at com.utill.InitializeDriver.<init>(InitializeDriver.java:18)
at com.utill.InitializeDriver.<init>(InitializeDriver.java:18)
at com.utill.InitializeDriver.<init>(InitializeDriver.java:18)
at com.utill.InitializeDriver.<init>(InitializeDriver.java:18)
at com.utill.InitializeDriver.<init>(InitializeDriver.java:18)
at com.utill.InitializeDriver.<init>(InitializeDriver.java:18)
at com.utill.InitializeDriver.<init>(InitializeDriver.java:18)
at com.utill.InitializeDriver.<init>(InitializeDriver.java:18)
at com.utill.InitializeDriver.<init>(InitializeDriver.java:18)
at com.utill.InitializeDriver.<init>(InitializeDriver.java:18)
at com.utill.InitializeDriver.<init>(InitializeDriver.java:18)
at com.utill.InitializeDriver.<init>(InitializeDriver.java:18)
at com.utill.InitializeDriver.<init>(InitializeDriver.java:18)
at com.utill.InitializeDriver.<init>(InitializeDriver.java:18)
at com.utill.InitializeDriver.<init>(InitializeDriver.java:18)
at com.utill.InitializeDriver.<init>(InitializeDriver.java:18)
at com.utill.InitializeDriver.<init>(InitializeDriver.java:18)
at com.utill.InitializeDriver.<init>(InitializeDriver.java:18)
at com.utill.InitializeDriver.<init>(InitializeDriver.java:18)
at com.utill.InitializeDriver.<init>(InitializeDriver.java:18)
at com.utill.InitializeDriver.<init>(InitializeDriver.java:18)
at com.utill.InitializeDriver.<init>(InitializeDriver.java:18)
at com.utill.InitializeDriver.<init>(InitializeDriver.java:18)
at com.utill.InitializeDriver.<init>(InitializeDriver.java:18)
at com.utill.InitializeDriver.<init>(InitializeDriver.java:18)
at com.utill.InitializeDriver.<init>(InitializeDriver.java:18)
at com.utill.InitializeDriver.<init>(InitializeDriver.java:18)
at com.utill.InitializeDriver.<init>(InitializeDriver.java:18)
at com.utill.InitializeDriver.<init>(InitializeDriver.java:18)
at com.utill.InitializeDriver.<init>(InitializeDriver.java:18)
at com.utill.InitializeDriver.<init>(InitializeDriver.java:18)
at com.utill.InitializeDriver.<init>(InitializeDriver.java:18)
at com.utill.InitializeDriver.<init>(InitializeDriver.java:18)
at com.utill.InitializeDriver.<init>(InitializeDriver.java:18)
at com.utill.InitializeDriver.<init>(InitializeDriver.java:18)
at com.utill.InitializeDriver.<init>(InitializeDriver.java:18)
at com.utill.InitializeDriver.<init>(InitializeDriver.java:18)
at com.utill.InitializeDriver.<init>(InitializeDriver.java:18)
at com.utill.InitializeDriver.<init>(InitializeDriver.java:18)
at com.utill.InitializeDriver.<init>(InitializeDriver.java:18)
at com.utill.InitializeDriver.<init>(InitializeDriver.java:18)
at com.utill.InitializeDriver.<init>(InitializeDriver.java:18)
at com.utill.InitializeDriver.<init>(InitializeDriver.java:18)
at com.utill.InitializeDriver.<init>(InitializeDriver.java:18)
at com.utill.InitializeDriver.<init>(InitializeDriver.java:18)
at com.utill.InitializeDriver.<init>(InitializeDriver.java:18)
at com.utill.InitializeDriver.<init>(InitializeDriver.java:18)
at com.utill.InitializeDriver.<init>(InitializeDriver.java:18)
at com.utill.InitializeDriver.<init>(InitializeDriver.java:18)
at com.utill.InitializeDriver.<init>(InitializeDriver.java:18)
at com.utill.InitializeDriver.<init>(InitializeDriver.java:18)
at com.utill.InitializeDriver.<init>(InitializeDriver.java:18)
at com.utill.InitializeDriver.<init>(InitializeDriver.java:18)
at com.utill.InitializeDriver.<init>(InitializeDriver.java:18)
at com.utill.InitializeDriver.<init>(InitializeDriver.java:18)
at com.utill.InitializeDriver.<init>(InitializeDriver.java:18)
at com.utill.InitializeDriver.<init>(InitializeDriver.java:18)
at com.utill.InitializeDriver.<init>(InitializeDriver.java:18)
at com.utill.InitializeDriver.<init>(InitializeDriver.java:18)
at com.utill.InitializeDriver.<init>(InitializeDriver.java:18)
at com.utill.InitializeDriver.<init>(InitializeDriver.java:18)
at com.utill.InitializeDriver.<init>(InitializeDriver.java:18)
at com.utill.InitializeDriver.<init>(InitializeDriver.java:18)
at com.utill.InitializeDriver.<init>(InitializeDriver.java:18)
at com.utill.InitializeDriver.<init>(InitializeDriver.java:18)
at com.utill.InitializeDriver.<init>(InitializeDriver.java:18)
at com.utill.InitializeDriver.<init>(InitializeDriver.java:18)
at com.utill.InitializeDriver.<init>(InitializeDriver.java:18)
at com.utill.InitializeDriver.<init>(InitializeDriver.java:18)
at com.utill.InitializeDriver.<init>(InitializeDriver.java:18)
at com.utill.InitializeDriver.<init>(InitializeDriver.java:18)
at com.utill.InitializeDriver.<init>(InitializeDriver.java:18)
at com.utill.InitializeDriver.<init>(InitializeDriver.java:18)
at com.utill.InitializeDriver.<init>(InitializeDriver.java:18)
at com.utill.InitializeDriver.<init>(InitializeDriver.java:18)
at com.utill.InitializeDriver.<init>(InitializeDriver.java:18)
at com.utill.InitializeDriver.<init>(InitializeDriver.java:18)
at com.utill.InitializeDriver.<init>(InitializeDriver.java:18)
at com.utill.InitializeDriver.<init>(InitializeDriver.java:18)
at com.utill.InitializeDriver.<init>(InitializeDriver.java:18)
at com.utill.InitializeDriver.<init>(InitializeDriver.java:18)
at com.utill.InitializeDriver.<init>(InitializeDriver.java:18)
at com.utill.InitializeDriver.<init>(InitializeDriver.java:18)
at com.utill.InitializeDriver.<init>(InitializeDriver.java:18)
at com.utill.InitializeDriver.<init>(InitializeDriver.java:18)
at com.utill.InitializeDriver.<init>(InitializeDriver.java:18)
at com.utill.InitializeDriver.<init>(InitializeDriver.java:18)
at com.utill.InitializeDriver.<init>(InitializeDriver.java:18)
at com.utill.InitializeDriver.<init>(InitializeDriver.java:18)
at com.utill.InitializeDriver.<init>(InitializeDriver.java:18)
at com.utill.InitializeDriver.<init>(InitializeDriver.java:18)
at com.utill.InitializeDriver.<init>(InitializeDriver.java:18)
at com.utill.InitializeDriver.<init>(InitializeDriver.java:18)
at com.utill.InitializeDriver.<init>(InitializeDriver.java:18)
at com.utill.InitializeDriver.<init>(InitializeDriver.java:18)
at com.utill.InitializeDriver.<init>(InitializeDriver.java:18)
at com.utill.InitializeDriver.<init>(InitializeDriver.java:18)
at com.utill.InitializeDriver.<init>(InitializeDriver.java:18)
at com.utill.InitializeDriver.<init>(InitializeDriver.java:18)
at com.utill.InitializeDriver.<init>(InitializeDriver.java:18)
at com.utill.InitializeDriver.<init>(InitializeDriver.java:18)
at com.utill.InitializeDriver.<init>(InitializeDriver.java:18)
at com.utill.InitializeDriver.<init>(InitializeDriver.java:18)
at com.utill.InitializeDriver.<init>(InitializeDriver.java:18)
at com.utill.InitializeDriver.<init>(InitializeDriver.java:18)
at com.utill.InitializeDriver.<init>(InitializeDriver.java:18)
at com.utill.InitializeDriver.<init>(InitializeDriver.java:18)
at com.utill.InitializeDriver.<init>(InitializeDriver.java:18)
at com.utill.InitializeDriver.<init>(InitializeDriver.java:18)
at com.utill.InitializeDriver.<init>(InitializeDriver.java:18)
at com.utill.InitializeDriver.<init>(InitializeDriver.java:18)
at com.utill.InitializeDriver.<init>(InitializeDriver.java:18)
at com.utill.InitializeDriver.<init>(InitializeDriver.java:18)
at com.utill.InitializeDriver.<init>(InitializeDriver.java:18)
at com.utill.InitializeDriver.<init>(InitializeDriver.java:18)
at com.utill.InitializeDriver.<init>(InitializeDriver.java:18)
at com.utill.InitializeDriver.<init>(InitializeDriver.java:18)
at com.utill.InitializeDriver.<init>(InitializeDriver.java:18)
at com.utill.InitializeDriver.<init>(InitializeDriver.java:18)
at com.utill.InitializeDriver.<init>(InitializeDriver.java:18)
at com.utill.InitializeDriver.<init>(InitializeDriver.java:18)
at com.utill.InitializeDriver.<init>(InitializeDriver.java:18)
at com.utill.InitializeDriver.<init>(InitializeDriver.java:18)
at com.utill.InitializeDriver.<init>(InitializeDriver.java:18)
at com.utill.InitializeDriver.<init>(InitializeDriver.java:18)
at com.utill.InitializeDriver.<init>(InitializeDriver.java:18)
at com.utill.InitializeDriver.<init>(InitializeDriver.java:18)
at com.utill.InitializeDriver.<init>(InitializeDriver.java:18)
at com.utill.InitializeDriver.<init>(InitializeDriver.java:18)
at com.utill.InitializeDriver.<init>(InitializeDriver.java:18)
at com.utill.InitializeDriver.<init>(InitializeDriver.java:18)
at com.utill.InitializeDriver.<init>(InitializeDriver.java:18)
at com.utill.InitializeDriver.<init>(InitializeDriver.java:18)
at com.utill.InitializeDriver.<init>(InitializeDriver.java:18)
at com.utill.InitializeDriver.<init>(InitializeDriver.java:18)
at com.utill.InitializeDriver.<init>(InitializeDriver.java:18)
at com.utill.InitializeDriver.<init>(InitializeDriver.java:18)
at com.utill.InitializeDriver.<init>(InitializeDriver.java:18)
at com.utill.InitializeDriver.<init>(InitializeDriver.java:18)
at com.utill.InitializeDriver.<init>(InitializeDriver.java:18)
at com.utill.InitializeDriver.<init>(InitializeDriver.java:18)
at com.utill.InitializeDriver.<init>(InitializeDriver.java:18)
at com.utill.InitializeDriver.<init>(InitializeDriver.java:18)
at com.utill.InitializeDriver.<init>(InitializeDriver.java:18)
at com.utill.InitializeDriver.<init>(InitializeDriver.java:18)
at com.utill.InitializeDriver.<init>(InitializeDriver.java:18)
at com.utill.InitializeDriver.<init>(InitializeDriver.java:18)
at com.utill.InitializeDriver.<init>(InitializeDriver.java:18)
at com.utill.InitializeDriver.<init>(InitializeDriver.java:18)
at com.utill.InitializeDriver.<init>(InitializeDriver.java:18)
]]>
    </error>
  </testcase> <!-- InitializeDriver -->
</testsuite> <!-- com.Testpack.SampleTest1 -->
